app/build/intermediates/manifest_merge_blame_file/release/processReleaseMainManifest/manifest-merger-blame-release-report.txt
1<?xml version="1.0" encoding="utf-8"?>
2<manifest xmlns:android="http://schemas.android.com/apk/res/android"
3    package="org.pytorch.demo.objectdetection"
4    android:versionCode="1"
5    android:versionName="1.0" >
6
7    <uses-sdk
8        android:minSdkVersion="28"
9        android:targetSdkVersion="34" />
10
11    <uses-permission android:name="android.permission.READ_EXTERNAL_STORAGE" />
11-->src\main\AndroidManifest.xml:4:5-80
11-->src\main\AndroidManifest.xml:4:22-77
12    <uses-permission android:name="android.permission.CAMERA" />
12-->src\main\AndroidManifest.xml:5:5-65
12-->src\main\AndroidManifest.xml:5:22-62
13
14    <application
14-->src\main\AndroidManifest.xml:7:5-29:19
15        android:allowBackup="true"
15-->src\main\AndroidManifest.xml:8:9-35
16        android:appComponentFactory="androidx.core.app.CoreComponentFactory"
16-->[androidx.core:core:1.6.0] AndroidManifest.xml:24:18-86
17        android:extractNativeLibs="false"
18        android:icon="@mipmap/ic_launcher"
18-->src\main\AndroidManifest.xml:9:9-43
19        android:label="@string/app_name"
19-->src\main\AndroidManifest.xml:10:9-41
20        android:roundIcon="@mipmap/ic_launcher_round"
20-->src\main\AndroidManifest.xml:11:9-54
21        android:supportsRtl="true"
21-->src\main\AndroidManifest.xml:12:9-35
22        android:theme="@style/AppTheme" >
22-->src\main\AndroidManifest.xml:13:9-40
23        <activity
23-->src\main\AndroidManifest.xml:14:9-22:20
24            android:name="org.pytorch.demo.objectdetection.MainActivity"
24-->src\main\AndroidManifest.xml:14:19-47
25            android:configChanges="orientation"
25-->src\main\AndroidManifest.xml:15:13-48
26            android:exported="true"
26-->src\main\AndroidManifest.xml:17:13-36
27            android:screenOrientation="portrait" >
27-->src\main\AndroidManifest.xml:16:13-49
28            <intent-filter>
28-->src\main\AndroidManifest.xml:18:13-21:29
29                <action android:name="android.intent.action.MAIN" />
29-->src\main\AndroidManifest.xml:19:17-69
29-->src\main\AndroidManifest.xml:19:25-66
30
31                <category android:name="android.intent.category.LAUNCHER" />
31-->src\main\AndroidManifest.xml:20:17-77
31-->src\main\AndroidManifest.xml:20:27-74
32            </intent-filter>
33        </activity>
34        <activity
34-->src\main\AndroidManifest.xml:23:9-28:20
35            android:name="org.pytorch.demo.objectdetection.ObjectDetectionActivity"
35-->src\main\AndroidManifest.xml:24:13-52
36            android:configChanges="orientation"
36-->src\main\AndroidManifest.xml:25:13-48
37            android:exported="false"
37-->src\main\AndroidManifest.xml:27:13-37
38            android:screenOrientation="portrait" >
38-->src\main\AndroidManifest.xml:26:13-49
39        </activity>
40
41        <provider
41-->[androidx.camera:camera-camera2:1.0.0-alpha05] AndroidManifest.xml:25:9-30:43
42            android:name="androidx.camera.camera2.impl.Camera2Initializer"
42-->[androidx.camera:camera-camera2:1.0.0-alpha05] AndroidManifest.xml:26:13-75
43            android:authorities="org.pytorch.demo.objectdetection.camerax-init"
43-->[androidx.camera:camera-camera2:1.0.0-alpha05] AndroidManifest.xml:27:13-64
44            android:exported="false"
44-->[androidx.camera:camera-camera2:1.0.0-alpha05] AndroidManifest.xml:28:13-37
45            android:initOrder="100"
45-->[androidx.camera:camera-camera2:1.0.0-alpha05] AndroidManifest.xml:29:13-36
46            android:multiprocess="true" />
46-->[androidx.camera:camera-camera2:1.0.0-alpha05] AndroidManifest.xml:30:13-40
47    </application>
48
49</manifest>